2019-09-13T13:05:01.587Z [info]: Database successfully connected
2019-09-13T13:05:02.637Z [info]: 62 command modules loaded
2019-09-13T13:05:04.013Z [info]: ameannie has sucessfully logged in.
2019-09-13T13:05:05.643Z [info]: ametotaiyou#8308: received 11 AC in 🍉ˋˏ┋  developer
2019-09-13T13:05:05.644Z [info]: ametotaiyou#8308: received bonus factor of 1
2019-09-13T13:05:05.648Z [info]: ametotaiyou#8308: received 14 EXP in 🍉ˋˏ┋  developer
2019-09-13T13:05:05.649Z [info]: ametotaiyou#8308: received bonus factor of 1
2019-09-13T13:05:05.650Z [info]: ametotaiyou#8308: 554178 EXP
2019-09-13T13:05:54.194Z [info]: ametotaiyou#8308: received 15 AC in 🍉ˋˏ┋  developer
2019-09-13T13:05:54.195Z [info]: ametotaiyou#8308: received bonus factor of 1
2019-09-13T13:05:54.196Z [info]: ametotaiyou#8308: received 15 EXP in 🍉ˋˏ┋  developer
2019-09-13T13:05:54.197Z [info]: ametotaiyou#8308: received bonus factor of 1
2019-09-13T13:05:54.198Z [info]: ametotaiyou#8308: 554193 EXP
2019-09-13T13:09:28.023Z [info]: Database successfully connected
2019-09-13T13:09:28.986Z [info]: 62 command modules loaded
2019-09-13T13:09:30.423Z [info]: ameannie has sucessfully logged in.
2019-09-13T13:09:39.216Z [info]: ametotaiyou#8308 has received 15 AC in 🍉ˋˏ┋  developer
2019-09-13T13:09:39.224Z [info]: ametotaiyou#8308 has received 11 EXP in 🍉ˋˏ┋  developer
2019-09-13T13:09:39.225Z [info]: ametotaiyou#8308 now has 554204 EXP
2019-09-13T13:10:33.084Z [info]: ametotaiyou#8308 has received 14 AC in 🍉ˋˏ┋  developer
2019-09-13T13:10:33.086Z [info]: ametotaiyou#8308 has received 11 EXP in 🍉ˋˏ┋  developer
2019-09-13T13:10:33.087Z [info]: ametotaiyou#8308 now has 554215 EXP
2019-09-13T13:11:42.727Z [info]: ametotaiyou#8308 has received 13 AC in 🍉ˋˏ┋  developer
2019-09-13T13:11:42.728Z [info]: ametotaiyou#8308 has received 15 EXP in 🍉ˋˏ┋  developer
2019-09-13T13:11:42.729Z [info]: ametotaiyou#8308 now has 554230 EXP
2019-09-13T13:12:22.573Z [info]: ametotaiyou#8308 has received 16 AC in 🍉ˋˏ┋  developer
2019-09-13T13:12:22.575Z [info]: ametotaiyou#8308 has received 12 EXP in 🍉ˋˏ┋  developer
2019-09-13T13:12:22.575Z [info]: ametotaiyou#8308 now has 554242 EXP
2019-09-13T13:13:40.268Z [info]: ametotaiyou#8308 has received 11 AC in 🍉ˋˏ┋  developer
2019-09-13T13:13:40.269Z [info]: ametotaiyou#8308 has received 15 EXP in 🍉ˋˏ┋  developer
2019-09-13T13:13:40.270Z [info]: ametotaiyou#8308 now has 554257 EXP
2019-09-13T13:14:17.703Z [info]: ametotaiyou#8308 has received 13 AC in 🍉ˋˏ┋  developer
2019-09-13T13:14:17.705Z [info]: ametotaiyou#8308 has received 12 EXP in 🍉ˋˏ┋  developer
2019-09-13T13:14:17.706Z [info]: ametotaiyou#8308 now has 554269 EXP
2019-09-13T13:16:38.458Z [info]: Database successfully connected
2019-09-13T13:16:39.149Z [info]: 62 command modules loaded
2019-09-13T13:16:40.442Z [info]: ameannie has sucessfully logged in.
2019-09-13T13:18:18.014Z [info]: ametotaiyou#8308: received 14 AC in 🍉ˋˏ┋  sandbox
2019-09-13T13:18:18.015Z [info]: ametotaiyou#8308: received bonus factor of 1
2019-09-13T13:18:18.022Z [info]: ametotaiyou#8308: received 13 EXP in 🍉ˋˏ┋  sandbox
2019-09-13T13:18:18.023Z [info]: ametotaiyou#8308: received bonus factor of 1
2019-09-13T13:18:18.024Z [info]: ametotaiyou#8308: 554282 EXP
2019-09-13T13:19:18.502Z [info]: undefined: received 16 AC in 🍉ˋˏ┋  sandbox
2019-09-13T13:19:18.503Z [info]: undefined: received bonus factor of 1
2019-09-13T13:19:18.505Z [info]: undefined: received 11 EXP in 🍉ˋˏ┋  sandbox
2019-09-13T13:19:18.505Z [info]: undefined: received bonus factor of 1
2019-09-13T13:19:18.506Z [info]: undefined: 554293 EXP
2019-09-13T13:19:18.732Z [info]: ametotaiyou#8308 has ran event-join.
2019-09-13T13:19:35.215Z [info]: ametotaiyou#8308 has ran event-join.
2019-09-13T13:19:50.126Z [info]: ametotaiyou#8308: received 14 AC in 🍉ˋˏ┋  sandbox
2019-09-13T13:19:50.126Z [info]: ametotaiyou#8308: received bonus factor of 1
2019-09-13T13:19:50.127Z [info]: ametotaiyou#8308: received 16 EXP in 🍉ˋˏ┋  sandbox
2019-09-13T13:19:50.128Z [info]: ametotaiyou#8308: received bonus factor of 1
2019-09-13T13:19:50.129Z [info]: ametotaiyou#8308: 554309 EXP
2019-09-13T13:22:23.157Z [info]: Database successfully connected
2019-09-13T13:22:24.262Z [info]: 62 command modules loaded
2019-09-13T13:22:26.547Z [info]: ameannie has sucessfully logged in.
2019-09-13T13:23:01.811Z [info]: Database successfully connected
2019-09-13T13:23:02.465Z [info]: 62 command modules loaded
2019-09-13T13:23:04.899Z [info]: ameannie has sucessfully logged in.
2019-09-13T13:23:07.900Z [info]: ametotaiyou joined the classroom.
2019-09-13T13:23:14.912Z [info]: Database successfully connected
2019-09-13T13:23:16.075Z [info]: 62 command modules loaded
2019-09-13T13:23:17.801Z [info]: ameannie has sucessfully logged in.
2019-09-13T13:23:19.410Z [info]: ametotaiyou#8308: received 12 AC in 🍉ˋˏ┋  sandbox
2019-09-13T13:23:19.412Z [info]: ametotaiyou#8308: received bonus factor of 1
2019-09-13T13:23:19.418Z [info]: ametotaiyou#8308: received 12 EXP in 🍉ˋˏ┋  sandbox
2019-09-13T13:23:19.419Z [info]: ametotaiyou#8308: received bonus factor of 1
2019-09-13T13:23:19.420Z [info]: ametotaiyou#8308: 554321 EXP
2019-09-13T13:23:55.206Z [info]: ametotaiyou#8308: received 14 AC in 🍉ˋˏ┋  sandbox
2019-09-13T13:23:55.207Z [info]: ametotaiyou#8308: received bonus factor of 1
2019-09-13T13:23:55.209Z [info]: ametotaiyou#8308: received 11 EXP in 🍉ˋˏ┋  sandbox
2019-09-13T13:23:55.210Z [info]: ametotaiyou#8308: received bonus factor of 1
2019-09-13T13:23:55.210Z [info]: ametotaiyou#8308: 554332 EXP
2019-09-13T13:24:18.706Z [info]: Database successfully connected
2019-09-13T13:24:19.709Z [info]: 62 command modules loaded
2019-09-13T13:24:22.870Z [info]: ameannie has sucessfully logged in.
2019-09-13T13:24:30.353Z [info]: ametotaiyou joined the classroom.
2019-09-13T13:24:47.954Z [info]: ametotaiyou#8308: received 12 AC in 🍉ˋˏ┋  sandbox
2019-09-13T13:24:47.955Z [info]: ametotaiyou#8308: received bonus factor of 1
2019-09-13T13:24:47.960Z [info]: ametotaiyou#8308: received 16 EXP in 🍉ˋˏ┋  sandbox
2019-09-13T13:24:47.961Z [info]: ametotaiyou#8308: received bonus factor of 1
2019-09-13T13:24:47.962Z [info]: ametotaiyou#8308: 554348 EXP
2019-09-13T13:25:17.215Z [info]: Database successfully connected
2019-09-13T13:25:18.268Z [info]: 62 command modules loaded
2019-09-13T13:25:19.750Z [info]: ameannie has sucessfully logged in.
2019-09-13T13:25:59.772Z [info]: Database successfully connected
2019-09-13T13:26:00.307Z [info]: 62 command modules loaded
2019-09-13T13:26:01.621Z [info]: ameannie has sucessfully logged in.
2019-09-13T13:26:08.408Z [info]: ametotaiyou#8308: received 12 AC in 🍉ˋˏ┋  sandbox
2019-09-13T13:26:08.408Z [info]: ametotaiyou#8308: received bonus factor of 1
2019-09-13T13:26:08.412Z [info]: ametotaiyou#8308: received 11 EXP in 🍉ˋˏ┋  sandbox
2019-09-13T13:26:08.413Z [info]: ametotaiyou#8308: received bonus factor of 1
2019-09-13T13:26:08.414Z [info]: ametotaiyou#8308: 554359 EXP
2019-09-13T13:26:13.522Z [info]: ametotaiyou#8308 has ran level.
2019-09-13T13:26:18.787Z [info]: ametotaiyou#8308 has ran level.
2019-09-13T13:26:52.750Z [info]: Database successfully connected
2019-09-13T13:26:53.244Z [info]: 62 command modules loaded
2019-09-13T13:26:56.251Z [info]: ameannie has sucessfully logged in.
2019-09-13T13:28:25.280Z [info]: Database successfully connected
2019-09-13T13:28:25.759Z [info]: 62 command modules loaded
2019-09-13T13:28:27.029Z [info]: ameannie has sucessfully logged in.
2019-09-13T13:29:56.305Z [info]: Database successfully connected
2019-09-13T13:29:57.460Z [info]: 62 command modules loaded
2019-09-13T13:29:58.977Z [info]: ameannie has sucessfully logged in.
2019-09-13T13:30:08.278Z [info]: ametotaiyou#8308: received 16 AC in 🍉ˋˏ┋  sandbox
2019-09-13T13:30:08.279Z [info]: ametotaiyou#8308: received bonus factor of 1
2019-09-13T13:30:08.283Z [info]: ametotaiyou#8308: received 15 EXP in 🍉ˋˏ┋  sandbox
2019-09-13T13:30:08.284Z [info]: ametotaiyou#8308: received bonus factor of 1
2019-09-13T13:30:08.285Z [info]: ametotaiyou#8308: 554374 EXP
2019-09-13T13:30:33.262Z [info]: ametotaiyou#8308 has ran level.
2019-09-13T13:31:26.213Z [info]: Database successfully connected
2019-09-13T13:31:27.231Z [info]: 62 command modules loaded
2019-09-13T13:31:28.672Z [info]: ameannie has sucessfully logged in.
2019-09-13T13:31:36.945Z [info]: ametotaiyou#8308: received 11 AC in 🍉ˋˏ┋  sandbox
2019-09-13T13:31:36.946Z [info]: ametotaiyou#8308: received bonus factor of 1
2019-09-13T13:31:36.953Z [info]: ametotaiyou#8308: received 11 EXP in 🍉ˋˏ┋  sandbox
2019-09-13T13:31:36.954Z [info]: ametotaiyou#8308: received bonus factor of 1
2019-09-13T13:31:36.955Z [info]: ametotaiyou#8308: 554385 EXP
2019-09-13T13:32:03.566Z [info]: ametotaiyou#8308 has ran level.
2019-09-13T13:33:09.187Z [info]: Database successfully connected
2019-09-13T13:33:10.140Z [info]: 62 command modules loaded
2019-09-13T13:33:11.672Z [info]: ameannie has sucessfully logged in.
2019-09-13T13:33:20.929Z [info]: ametotaiyou#8308: received 11 AC in 🍉ˋˏ┋  sandbox
2019-09-13T13:33:20.930Z [info]: ametotaiyou#8308: received bonus factor of 1
2019-09-13T13:33:20.936Z [info]: ametotaiyou#8308: received 16 EXP in 🍉ˋˏ┋  sandbox
2019-09-13T13:33:20.937Z [info]: ametotaiyou#8308: received bonus factor of 1
2019-09-13T13:33:20.938Z [info]: ametotaiyou#8308: 554401 EXP
2019-09-13T13:33:22.569Z [info]: ametotaiyou#8308 has ran level.
2019-09-13T13:33:43.725Z [info]: Database successfully connected
2019-09-13T13:33:44.412Z [info]: 62 command modules loaded
2019-09-13T13:33:46.301Z [info]: ameannie has sucessfully logged in.
2019-09-13T13:35:20.350Z [info]: Database successfully connected
2019-09-13T13:35:20.959Z [info]: 62 command modules loaded
2019-09-13T13:35:22.577Z [info]: ameannie has sucessfully logged in.
2019-09-13T13:35:23.953Z [info]: undefined: received 13 AC in 🍉ˋˏ┋  sandbox
2019-09-13T13:35:23.954Z [info]: undefined: received bonus factor of 1
2019-09-13T13:35:23.961Z [info]: undefined: received 15 EXP in 🍉ˋˏ┋  sandbox
2019-09-13T13:35:23.962Z [info]: undefined: received bonus factor of 1
2019-09-13T13:35:23.963Z [info]: undefined: 554416 EXP
2019-09-13T13:35:24.180Z [info]: ametotaiyou#8308 has ran leaderboard.
2019-09-13T13:35:27.777Z [info]: ametotaiyou#8308 has ran level.
2019-09-13T13:41:58.238Z [info]: Database successfully connected
2019-09-13T13:41:58.959Z [info]: 62 command modules loaded
2019-09-13T13:42:01.473Z [info]: ameannie has sucessfully logged in.
2019-09-13T13:42:05.296Z [info]: ametotaiyou joined the classroom.
2019-09-13T13:42:24.099Z [info]: Database successfully connected
2019-09-13T13:42:25.080Z [info]: 62 command modules loaded
2019-09-13T13:42:27.999Z [info]: ameannie has sucessfully logged in.
2019-09-13T13:42:36.488Z [info]: ametotaiyou joined the classroom.
2019-09-13T13:42:49.164Z [info]: ametotaiyou#8308: received 15 AC in 🍉ˋˏ┋  sandbox
2019-09-13T13:42:49.165Z [info]: ametotaiyou#8308: received bonus factor of 1
2019-09-13T13:42:49.173Z [info]: ametotaiyou#8308: received 11 EXP in 🍉ˋˏ┋  sandbox
2019-09-13T13:42:49.177Z [info]: ametotaiyou#8308: received bonus factor of 1
2019-09-13T13:42:49.178Z [info]: ametotaiyou#8308: 554427 EXP
2019-09-13T13:43:13.284Z [info]: Database successfully connected
2019-09-13T13:43:14.322Z [info]: 62 command modules loaded
2019-09-13T13:43:15.804Z [info]: ameannie has sucessfully logged in.
2019-09-13T13:43:27.027Z [info]: ametotaiyou joined the classroom.
2019-09-13T13:43:29.795Z [info]: ametotaiyou#8308: received 14 AC in 🍉ˋˏ┋  sandbox
2019-09-13T13:43:29.814Z [info]: ametotaiyou#8308: received bonus factor of 1
2019-09-13T13:43:29.820Z [info]: ametotaiyou#8308: received 14 EXP in 🍉ˋˏ┋  sandbox
2019-09-13T13:43:29.821Z [info]: ametotaiyou#8308: received bonus factor of 1
2019-09-13T13:43:29.822Z [info]: ametotaiyou#8308: 554441 EXP
2019-09-13T14:17:14.465Z [info]: Database successfully connected
2019-09-13T14:17:14.988Z [info]: 62 command modules loaded
2019-09-13T14:17:16.279Z [info]: ameannie has sucessfully logged in.
2019-09-13T14:17:22.193Z [info]: ametotaiyou joined the classroom.
2019-09-13T14:17:33.282Z [info]: ametotaiyou#8308: received 12 AC in 🍉ˋˏ┋  sandbox
2019-09-13T14:17:33.283Z [info]: ametotaiyou#8308: received bonus factor of 1
2019-09-13T14:17:33.288Z [info]: ametotaiyou#8308: received 13 EXP in 🍉ˋˏ┋  sandbox
2019-09-13T14:17:33.289Z [info]: ametotaiyou#8308: received bonus factor of 1
2019-09-13T14:17:33.290Z [info]: ametotaiyou#8308: 554454 EXP
2019-09-13T14:18:18.767Z [info]: ametotaiyou#8308: received 15 AC in 🍉ˋˏ┋  sandbox
2019-09-13T14:18:18.769Z [info]: ametotaiyou#8308: received bonus factor of 1
2019-09-13T14:18:18.771Z [info]: ametotaiyou#8308: received 16 EXP in 🍉ˋˏ┋  sandbox
2019-09-13T14:18:18.772Z [info]: ametotaiyou#8308: received bonus factor of 1
2019-09-13T14:18:18.773Z [info]: ametotaiyou#8308: 554470 EXP
2019-09-13T20:15:26.940Z [info]: Database successfully connected
2019-09-13T20:15:27.621Z [info]: 62 command modules loaded
2019-09-13T20:15:30.275Z [info]: ameannie has sucessfully logged in.
2019-09-13T20:15:35.401Z [error]: Database._query() has failed to run. > SQLITE_ERROR: table userdata has no column named registered_date
2019-09-13T20:15:39.897Z [error]: Database._query() has failed to run. > SQLITE_ERROR: table userdata has no column named registered_date
2019-09-13T20:15:45.034Z [error]: Database._query() has failed to run. > SQLITE_ERROR: table userdata has no column named registered_date
2019-09-13T20:15:45.093Z [info]: ametotaiyou#8308: received 15 AC in 🍉ˋˏ┋  developer
2019-09-13T20:15:45.094Z [info]: ametotaiyou#8308: received bonus factor of 1
2019-09-13T20:15:45.099Z [info]: ametotaiyou#8308: received 14 EXP in 🍉ˋˏ┋  developer
2019-09-13T20:15:45.100Z [info]: ametotaiyou#8308: received bonus factor of 1
2019-09-13T20:15:45.101Z [info]: ametotaiyou#8308: 469916 EXP
2019-09-13T20:15:55.298Z [error]: Database._query() has failed to run. > SQLITE_ERROR: table userdata has no column named registered_date
2019-09-13T20:15:59.055Z [error]: Database._query() has failed to run. > SQLITE_ERROR: table userdata has no column named registered_date
2019-09-13T20:16:01.618Z [error]: Database._query() has failed to run. > SQLITE_ERROR: table userdata has no column named registered_date
2019-09-13T20:16:02.696Z [error]: Database._query() has failed to run. > SQLITE_ERROR: table userdata has no column named registered_date
2019-09-13T20:16:05.448Z [error]: Database._query() has failed to run. > SQLITE_ERROR: table userdata has no column named registered_date
2019-09-13T20:16:12.278Z [error]: Database._query() has failed to run. > SQLITE_ERROR: table userdata has no column named registered_date
2019-09-13T20:16:14.098Z [error]: Database._query() has failed to run. > SQLITE_ERROR: table userdata has no column named registered_date
2019-09-13T20:16:17.857Z [error]: Database._query() has failed to run. > SQLITE_ERROR: table userdata has no column named registered_date
2019-09-13T20:16:31.720Z [error]: Database._query() has failed to run. > SQLITE_ERROR: table userdata has no column named registered_date
2019-09-13T20:16:34.297Z [error]: Database._query() has failed to run. > SQLITE_ERROR: table userdata has no column named registered_date
2019-09-13T20:17:15.279Z [info]: Database successfully connected
2019-09-13T20:17:15.867Z [info]: 62 command modules loaded
2019-09-13T20:17:17.204Z [info]: ameannie has sucessfully logged in.
2019-09-13T20:17:44.905Z [info]: ametotaiyou#8308: received 12 AC in 🍉ˋˏ┋  developer
2019-09-13T20:17:44.907Z [info]: ametotaiyou#8308: received bonus factor of 1
2019-09-13T20:17:44.914Z [info]: ametotaiyou#8308: received 13 EXP in 🍉ˋˏ┋  developer
2019-09-13T20:17:44.914Z [info]: ametotaiyou#8308: received bonus factor of 1
2019-09-13T20:17:44.915Z [info]: ametotaiyou#8308: 469929 EXP
2019-09-13T20:17:49.483Z [info]: ametotaiyou#8308 has ran profile.
2019-09-13T20:17:49.993Z [error]: TypeError: Cannot read property 'name' of undefined
    at ranksManager.ranksCheck (C:\Users\Lena\Pictures\01 Projects\AAU\anniediscord\core\utils\ranksManager.js:84:55)
    at Object.get clr [as clr] (C:\Users\Lena\Pictures\01 Projects\AAU\anniediscord\core\utils\profilecardInterface.js:45:24)
    at Object.profile [as gui] (C:\Users\Lena\Pictures\01 Projects\AAU\anniediscord\core\utils\profilecardInterface.js:122:22)
2019-09-13T20:19:02.245Z [info]: Database successfully connected
2019-09-13T20:19:02.924Z [info]: 62 command modules loaded
2019-09-13T20:19:04.296Z [info]: ameannie has sucessfully logged in.
2019-09-13T20:19:13.736Z [info]: ametotaiyou#8308: received 10 AC in 🍉ˋˏ┋  developer
2019-09-13T20:19:13.739Z [info]: ametotaiyou#8308: received bonus factor of 1
2019-09-13T20:19:13.743Z [info]: ametotaiyou#8308: received 12 EXP in 🍉ˋˏ┋  developer
2019-09-13T20:19:13.744Z [info]: ametotaiyou#8308: received bonus factor of 1
2019-09-13T20:19:13.744Z [info]: ametotaiyou#8308: 469941 EXP
2019-09-13T20:19:21.853Z [info]: ametotaiyou#8308 has ran profile.
2019-09-13T20:19:22.238Z [error]: TypeError: Cannot read property 'name' of undefined
    at ranksManager.ranksCheck (C:\Users\Lena\Pictures\01 Projects\AAU\anniediscord\core\utils\ranksManager.js:84:55)
    at Object.get clr [as clr] (C:\Users\Lena\Pictures\01 Projects\AAU\anniediscord\core\utils\profilecardInterface.js:45:24)
    at Object.profile [as gui] (C:\Users\Lena\Pictures\01 Projects\AAU\anniediscord\core\utils\profilecardInterface.js:122:22)
2019-09-13T20:19:49.192Z [info]: Database successfully connected
2019-09-13T20:19:49.959Z [info]: 62 command modules loaded
2019-09-13T20:19:53.327Z [info]: ameannie has sucessfully logged in.
2019-09-13T20:19:55.835Z [info]: undefined: received 11 AC in 🍉ˋˏ┋  sandbox
2019-09-13T20:19:55.837Z [info]: undefined: received bonus factor of 1
2019-09-13T20:19:55.842Z [info]: undefined: received 11 EXP in 🍉ˋˏ┋  sandbox
2019-09-13T20:19:55.842Z [info]: undefined: received bonus factor of 1
2019-09-13T20:19:55.843Z [info]: undefined: 469952 EXP
2019-09-13T20:19:55.874Z [info]: ametotaiyou#8308 has ran profile.
2019-09-13T20:19:56.306Z [error]: TypeError: Cannot read property 'name' of undefined
    at ranksManager.ranksCheck (C:\Users\Lena\Pictures\01 Projects\AAU\anniediscord\core\utils\ranksManager.js:84:55)
    at Object.get clr [as clr] (C:\Users\Lena\Pictures\01 Projects\AAU\anniediscord\core\utils\profilecardInterface.js:45:24)
    at Object.profile [as gui] (C:\Users\Lena\Pictures\01 Projects\AAU\anniediscord\core\utils\profilecardInterface.js:164:18)
2019-09-13T20:20:19.748Z [info]: Database successfully connected
2019-09-13T20:20:20.803Z [info]: 62 command modules loaded
2019-09-13T20:20:22.266Z [info]: ameannie has sucessfully logged in.
2019-09-13T20:20:22.976Z [info]: undefined: received 15 AC in 🍉ˋˏ┋  sandbox
2019-09-13T20:20:22.978Z [info]: undefined: received bonus factor of 1
2019-09-13T20:20:22.982Z [info]: undefined: received 11 EXP in 🍉ˋˏ┋  sandbox
2019-09-13T20:20:22.983Z [info]: undefined: received bonus factor of 1
2019-09-13T20:20:22.983Z [info]: undefined: 469963 EXP
2019-09-13T20:20:23.015Z [info]: ametotaiyou#8308 has ran profile.
2019-09-13T20:20:23.460Z [error]: TypeError: Cannot read property 'name' of undefined
    at ranksManager.ranksCheck (C:\Users\Lena\Pictures\01 Projects\AAU\anniediscord\core\utils\ranksManager.js:84:55)
    at Object.get clr [as clr] (C:\Users\Lena\Pictures\01 Projects\AAU\anniediscord\core\utils\profilecardInterface.js:46:24)
    at Object.profile [as gui] (C:\Users\Lena\Pictures\01 Projects\AAU\anniediscord\core\utils\profilecardInterface.js:165:18)
2019-09-13T20:20:50.532Z [info]: Database successfully connected
2019-09-13T20:20:51.133Z [info]: 62 command modules loaded
2019-09-13T20:20:52.552Z [info]: ameannie has sucessfully logged in.
2019-09-13T20:20:55.139Z [info]: undefined: received 13 AC in 🍉ˋˏ┋  sandbox
2019-09-13T20:20:55.141Z [info]: undefined: received bonus factor of 1
2019-09-13T20:20:55.144Z [info]: undefined: received 11 EXP in 🍉ˋˏ┋  sandbox
2019-09-13T20:20:55.145Z [info]: undefined: received bonus factor of 1
2019-09-13T20:20:55.146Z [info]: undefined: 469974 EXP
2019-09-13T20:20:55.180Z [info]: ametotaiyou#8308 has ran profile.
2019-09-13T20:22:05.677Z [info]: Database successfully connected
2019-09-13T20:22:06.256Z [info]: 62 command modules loaded
2019-09-13T20:22:09.563Z [info]: ameannie has sucessfully logged in.
2019-09-13T20:22:19.522Z [info]: Database successfully connected
2019-09-13T20:22:20.441Z [info]: 62 command modules loaded
2019-09-13T20:22:25.270Z [info]: ameannie has sucessfully logged in.
2019-09-13T20:22:39.311Z [info]: Database successfully connected
2019-09-13T20:22:39.884Z [info]: 62 command modules loaded
2019-09-13T20:22:41.349Z [info]: ameannie has sucessfully logged in.
2019-09-13T20:22:54.208Z [info]: Database successfully connected
2019-09-13T20:22:54.789Z [info]: 62 command modules loaded
2019-09-13T20:22:56.289Z [info]: ameannie has sucessfully logged in.
2019-09-13T20:23:11.677Z [info]: Database successfully connected
2019-09-13T20:23:12.499Z [info]: 62 command modules loaded
2019-09-13T20:23:13.958Z [info]: ameannie has sucessfully logged in.
2019-09-13T20:23:16.572Z [info]: undefined: received 11 AC in 🍉ˋˏ┋  sandbox
2019-09-13T20:23:16.574Z [info]: undefined: received bonus factor of 1
2019-09-13T20:23:16.577Z [info]: undefined: received 11 EXP in 🍉ˋˏ┋  sandbox
2019-09-13T20:23:16.580Z [info]: undefined: received bonus factor of 1
2019-09-13T20:23:16.581Z [info]: undefined: 469985 EXP
2019-09-13T20:23:16.616Z [info]: ametotaiyou#8308 has ran profile.
2019-09-13T20:23:19.864Z [info]: ametotaiyou#8308 has ran profile.
2019-09-13T20:23:19.867Z [error]: TypeError: collection.userdata is not a function
    at Object.portfolio [as gui] (C:\Users\Lena\Pictures\01 Projects\AAU\anniediscord\core\utils\portfoliocardInterface.js:34:36)
    at getPage (C:\Users\Lena\Pictures\01 Projects\AAU\anniediscord\core\modules\commands\profile.js:100:41)
    at Profile.execute (C:\Users\Lena\Pictures\01 Projects\AAU\anniediscord\core\modules\commands\profile.js:136:9)
2019-09-13T20:23:45.079Z [info]: Database successfully connected
2019-09-13T20:23:45.728Z [info]: 62 command modules loaded
2019-09-13T20:23:47.799Z [info]: Database successfully connected
2019-09-13T20:23:48.856Z [info]: 62 command modules loaded
2019-09-13T20:23:52.315Z [info]: ameannie has sucessfully logged in.
2019-09-13T20:24:18.293Z [info]: Database successfully connected
2019-09-13T20:24:18.873Z [info]: 62 command modules loaded
2019-09-13T20:24:20.239Z [info]: ameannie has sucessfully logged in.
2019-09-13T20:24:23.718Z [info]: undefined: received 15 AC in 🍉ˋˏ┋  sandbox
2019-09-13T20:24:23.719Z [info]: undefined: received bonus factor of 1
2019-09-13T20:24:23.725Z [info]: undefined: received 13 EXP in 🍉ˋˏ┋  sandbox
2019-09-13T20:24:23.728Z [info]: undefined: received bonus factor of 1
2019-09-13T20:24:23.729Z [info]: undefined: 469998 EXP
2019-09-13T20:24:23.762Z [info]: ametotaiyou#8308 has ran profile.
2019-09-13T20:24:48.084Z [error]: ametotaiyou#8308 has failed to run profile. > TypeError: Cannot read property 'userId' of null
    at Profile.execute (C:\Users\Lena\Pictures\01 Projects\AAU\anniediscord\core\modules\commands\profile.js:26:53)
    at requestData.then (C:\Users\Lena\Pictures\01 Projects\AAU\anniediscord\core\modules\commandsHandler.js:157:39)
2019-09-13T20:25:41.964Z [info]: Database successfully connected
2019-09-13T20:25:42.565Z [info]: 62 command modules loaded
2019-09-13T20:25:43.925Z [info]: ameannie has sucessfully logged in.
2019-09-13T20:26:37.219Z [info]: Database successfully connected
2019-09-13T20:26:37.523Z [error]: Failed to load commands module > Unexpected end of input
2019-09-13T20:26:38.891Z [info]: ameannie has sucessfully logged in.
2019-09-13T20:26:56.608Z [info]: Database successfully connected
2019-09-13T20:26:57.261Z [info]: 62 command modules loaded
2019-09-13T20:26:59.264Z [info]: ameannie has sucessfully logged in.
2019-09-13T20:27:46.587Z [info]: Database successfully connected
2019-09-13T20:27:47.187Z [info]: 62 command modules loaded
2019-09-13T20:27:48.509Z [info]: ameannie has sucessfully logged in.
2019-09-13T20:27:52.834Z [error]: Failed to parse exp in ExperienceFormula.js. > TypeError: Cannot convert undefined or null to object
    at Function.entries (<anonymous>)
    at Experience.cardBuffs (C:\Users\Lena\Pictures\01 Projects\AAU\anniediscord\core\utils\MessageController.js:167:14)
    at Experience.runAndUpdate (C:\Users\Lena\Pictures\01 Projects\AAU\anniediscord\core\utils\ExperienceFormula.js:154:23)
    at Worker.default (C:\Users\Lena\Pictures\01 Projects\AAU\anniediscord\core\utils\Worker.js:61:59)
2019-09-13T20:27:52.840Z [error]: ametotaiyou#8308 has failed to run profile. > TypeError: Cannot read property 'userId' of null
    at Profile.execute (C:\Users\Lena\Pictures\01 Projects\AAU\anniediscord\core\modules\commands\profile.js:23:53)
    at requestData.then (C:\Users\Lena\Pictures\01 Projects\AAU\anniediscord\core\modules\commandsHandler.js:157:39)
2019-09-13T20:27:52.843Z [error]: TypeError: Cannot convert undefined or null to object
    at Function.entries (<anonymous>)
    at Artcoins.cardBuffs (C:\Users\Lena\Pictures\01 Projects\AAU\anniediscord\core\utils\MessageController.js:167:14)
    at Artcoins.runAndUpdate (C:\Users\Lena\Pictures\01 Projects\AAU\anniediscord\core\utils\artcoinGains.js:34:22)
    at Worker.default (C:\Users\Lena\Pictures\01 Projects\AAU\anniediscord\core\utils\Worker.js:64:62)
2019-09-13T20:28:49.333Z [info]: Database successfully connected
2019-09-13T20:28:49.952Z [info]: 62 command modules loaded
2019-09-13T20:28:51.387Z [info]: ameannie has sucessfully logged in.
2019-09-13T20:29:04.596Z [info]: Database successfully connected
2019-09-13T20:29:05.382Z [info]: 62 command modules loaded
2019-09-13T20:29:06.697Z [info]: ameannie has sucessfully logged in.
2019-09-13T20:29:09.171Z [error]: Failed to parse exp in ExperienceFormula.js. > TypeError: Cannot convert undefined or null to object
    at Function.entries (<anonymous>)
    at Experience.cardBuffs (C:\Users\Lena\Pictures\01 Projects\AAU\anniediscord\core\utils\MessageController.js:167:14)
    at Experience.runAndUpdate (C:\Users\Lena\Pictures\01 Projects\AAU\anniediscord\core\utils\ExperienceFormula.js:154:23)
    at Worker.default (C:\Users\Lena\Pictures\01 Projects\AAU\anniediscord\core\utils\Worker.js:62:59)
2019-09-13T20:29:09.178Z [error]: ametotaiyou#8308 has failed to run profile. > TypeError: Cannot read property 'userId' of null
    at Profile.execute (C:\Users\Lena\Pictures\01 Projects\AAU\anniediscord\core\modules\commands\profile.js:22:53)
    at requestData.then (C:\Users\Lena\Pictures\01 Projects\AAU\anniediscord\core\modules\commandsHandler.js:157:39)
2019-09-13T20:29:09.181Z [error]: TypeError: Cannot convert undefined or null to object
    at Function.entries (<anonymous>)
    at Artcoins.cardBuffs (C:\Users\Lena\Pictures\01 Projects\AAU\anniediscord\core\utils\MessageController.js:167:14)
    at Artcoins.runAndUpdate (C:\Users\Lena\Pictures\01 Projects\AAU\anniediscord\core\utils\artcoinGains.js:34:22)
    at Worker.default (C:\Users\Lena\Pictures\01 Projects\AAU\anniediscord\core\utils\Worker.js:65:62)
2019-09-13T20:29:17.170Z [info]: Database successfully connected
2019-09-13T20:29:17.762Z [info]: 62 command modules loaded
2019-09-13T20:29:19.098Z [info]: ameannie has sucessfully logged in.
2019-09-13T20:30:05.949Z [info]: Database successfully connected
2019-09-13T20:30:07.089Z [info]: 62 command modules loaded
2019-09-13T20:30:08.426Z [info]: ameannie has sucessfully logged in.
2019-09-13T20:30:09.574Z [error]: Failed to parse exp in ExperienceFormula.js. > TypeError: Cannot convert undefined or null to object
    at Function.entries (<anonymous>)
    at Experience.cardBuffs (C:\Users\Lena\Pictures\01 Projects\AAU\anniediscord\core\utils\MessageController.js:168:14)
    at Experience.runAndUpdate (C:\Users\Lena\Pictures\01 Projects\AAU\anniediscord\core\utils\ExperienceFormula.js:154:23)
    at Worker.default (C:\Users\Lena\Pictures\01 Projects\AAU\anniediscord\core\utils\Worker.js:61:59)
2019-09-13T20:30:09.578Z [error]: ametotaiyou#8308 has failed to run profile. > TypeError: Cannot read property 'userId' of null
    at Profile.execute (C:\Users\Lena\Pictures\01 Projects\AAU\anniediscord\core\modules\commands\profile.js:22:53)
    at requestData.then (C:\Users\Lena\Pictures\01 Projects\AAU\anniediscord\core\modules\commandsHandler.js:157:39)
2019-09-13T20:30:09.580Z [error]: TypeError: Cannot convert undefined or null to object
    at Function.entries (<anonymous>)
    at Artcoins.cardBuffs (C:\Users\Lena\Pictures\01 Projects\AAU\anniediscord\core\utils\MessageController.js:168:14)
    at Artcoins.runAndUpdate (C:\Users\Lena\Pictures\01 Projects\AAU\anniediscord\core\utils\artcoinGains.js:34:22)
    at Worker.default (C:\Users\Lena\Pictures\01 Projects\AAU\anniediscord\core\utils\Worker.js:64:62)
2019-09-13T20:30:35.170Z [info]: Database successfully connected
2019-09-13T20:30:35.835Z [info]: 62 command modules loaded
2019-09-13T20:30:37.316Z [info]: ameannie has sucessfully logged in.
2019-09-13T20:30:43.876Z [info]: Database successfully connected
2019-09-13T20:30:44.484Z [info]: 62 command modules loaded
2019-09-13T20:30:45.824Z [info]: ameannie has sucessfully logged in.
2019-09-13T20:30:49.177Z [error]: Failed to parse exp in ExperienceFormula.js. > TypeError: Cannot convert undefined or null to object
    at Function.entries (<anonymous>)
    at Experience.cardBuffs (C:\Users\Lena\Pictures\01 Projects\AAU\anniediscord\core\utils\MessageController.js:167:14)
    at Experience.runAndUpdate (C:\Users\Lena\Pictures\01 Projects\AAU\anniediscord\core\utils\ExperienceFormula.js:154:23)
    at Worker.default (C:\Users\Lena\Pictures\01 Projects\AAU\anniediscord\core\utils\Worker.js:62:59)
2019-09-13T20:30:49.179Z [error]: ametotaiyou#8308 has failed to run profile. > TypeError: Cannot read property 'userId' of null
    at Profile.execute (C:\Users\Lena\Pictures\01 Projects\AAU\anniediscord\core\modules\commands\profile.js:22:53)
    at requestData.then (C:\Users\Lena\Pictures\01 Projects\AAU\anniediscord\core\modules\commandsHandler.js:157:39)
2019-09-13T20:30:49.184Z [error]: TypeError: Cannot convert undefined or null to object
    at Function.entries (<anonymous>)
    at Artcoins.cardBuffs (C:\Users\Lena\Pictures\01 Projects\AAU\anniediscord\core\utils\MessageController.js:167:14)
    at Artcoins.runAndUpdate (C:\Users\Lena\Pictures\01 Projects\AAU\anniediscord\core\utils\artcoinGains.js:34:22)
    at Worker.default (C:\Users\Lena\Pictures\01 Projects\AAU\anniediscord\core\utils\Worker.js:65:62)
2019-09-13T20:30:57.594Z [info]: Database successfully connected
2019-09-13T20:30:58.209Z [info]: 62 command modules loaded
2019-09-13T20:30:59.557Z [info]: ameannie has sucessfully logged in.
2019-09-13T20:32:46.620Z [info]: Database successfully connected
2019-09-13T20:32:47.224Z [info]: 62 command modules loaded
2019-09-13T20:32:48.561Z [info]: ameannie has sucessfully logged in.
2019-09-13T20:32:49.214Z [error]: Failed to parse exp in ExperienceFormula.js. > TypeError: Cannot convert undefined or null to object
    at Function.entries (<anonymous>)
    at Experience.cardBuffs (C:\Users\Lena\Pictures\01 Projects\AAU\anniediscord\core\utils\MessageController.js:167:14)
    at Experience.runAndUpdate (C:\Users\Lena\Pictures\01 Projects\AAU\anniediscord\core\utils\ExperienceFormula.js:154:23)
    at Worker.default (C:\Users\Lena\Pictures\01 Projects\AAU\anniediscord\core\utils\Worker.js:61:59)
2019-09-13T20:32:49.217Z [error]: ametotaiyou#8308 has failed to run profile. > TypeError: Cannot read property 'userId' of null
    at Profile.execute (C:\Users\Lena\Pictures\01 Projects\AAU\anniediscord\core\modules\commands\profile.js:22:53)
    at requestData.then (C:\Users\Lena\Pictures\01 Projects\AAU\anniediscord\core\modules\commandsHandler.js:157:39)
2019-09-13T20:32:49.218Z [error]: TypeError: Cannot convert undefined or null to object
    at Function.entries (<anonymous>)
    at Artcoins.cardBuffs (C:\Users\Lena\Pictures\01 Projects\AAU\anniediscord\core\utils\MessageController.js:167:14)
    at Artcoins.runAndUpdate (C:\Users\Lena\Pictures\01 Projects\AAU\anniediscord\core\utils\artcoinGains.js:34:22)
    at Worker.default (C:\Users\Lena\Pictures\01 Projects\AAU\anniediscord\core\utils\Worker.js:64:62)
2019-09-13T20:33:03.044Z [info]: Database successfully connected
2019-09-13T20:33:03.660Z [info]: 62 command modules loaded
2019-09-13T20:33:04.954Z [info]: Database successfully connected
2019-09-13T20:33:05.557Z [info]: 62 command modules loaded
2019-09-13T20:33:06.883Z [info]: ameannie has sucessfully logged in.
2019-09-13T20:33:36.227Z [info]: Database successfully connected
2019-09-13T20:33:36.840Z [info]: 62 command modules loaded
2019-09-13T20:33:39.320Z [info]: ameannie has sucessfully logged in.
2019-09-13T20:33:41.043Z [error]: Failed to parse exp in ExperienceFormula.js. > TypeError: Cannot convert undefined or null to object
    at Function.entries (<anonymous>)
    at Experience.cardBuffs (C:\Users\Lena\Pictures\01 Projects\AAU\anniediscord\core\utils\MessageController.js:167:14)
    at Experience.runAndUpdate (C:\Users\Lena\Pictures\01 Projects\AAU\anniediscord\core\utils\ExperienceFormula.js:154:23)
    at Worker.default (C:\Users\Lena\Pictures\01 Projects\AAU\anniediscord\core\utils\Worker.js:63:59)
2019-09-13T20:33:41.056Z [error]: ametotaiyou#8308 has failed to run profile. > TypeError: Cannot read property 'userId' of null
    at Profile.execute (C:\Users\Lena\Pictures\01 Projects\AAU\anniediscord\core\modules\commands\profile.js:22:53)
    at requestData.then (C:\Users\Lena\Pictures\01 Projects\AAU\anniediscord\core\modules\commandsHandler.js:157:39)
2019-09-13T20:33:41.060Z [error]: TypeError: Cannot convert undefined or null to object
    at Function.entries (<anonymous>)
    at Artcoins.cardBuffs (C:\Users\Lena\Pictures\01 Projects\AAU\anniediscord\core\utils\MessageController.js:167:14)
    at Artcoins.runAndUpdate (C:\Users\Lena\Pictures\01 Projects\AAU\anniediscord\core\utils\artcoinGains.js:34:22)
    at Worker.default (C:\Users\Lena\Pictures\01 Projects\AAU\anniediscord\core\utils\Worker.js:66:62)
2019-09-13T20:34:12.581Z [info]: Database successfully connected
2019-09-13T20:34:13.180Z [info]: 62 command modules loaded
2019-09-13T20:34:14.476Z [info]: ameannie has sucessfully logged in.
2019-09-13T20:34:15.297Z [error]: Failed to parse exp in ExperienceFormula.js. > TypeError: Cannot convert undefined or null to object
    at Function.entries (<anonymous>)
    at Experience.cardBuffs (C:\Users\Lena\Pictures\01 Projects\AAU\anniediscord\core\utils\MessageController.js:167:14)
    at Experience.runAndUpdate (C:\Users\Lena\Pictures\01 Projects\AAU\anniediscord\core\utils\ExperienceFormula.js:154:23)
    at Worker.default (C:\Users\Lena\Pictures\01 Projects\AAU\anniediscord\core\utils\Worker.js:63:59)
2019-09-13T20:34:15.302Z [error]: ametotaiyou#8308 has failed to run profile. > TypeError: Cannot read property 'userId' of null
    at Profile.execute (C:\Users\Lena\Pictures\01 Projects\AAU\anniediscord\core\modules\commands\profile.js:22:53)
    at requestData.then (C:\Users\Lena\Pictures\01 Projects\AAU\anniediscord\core\modules\commandsHandler.js:157:39)
2019-09-13T20:34:15.304Z [error]: TypeError: Cannot convert undefined or null to object
    at Function.entries (<anonymous>)
    at Artcoins.cardBuffs (C:\Users\Lena\Pictures\01 Projects\AAU\anniediscord\core\utils\MessageController.js:167:14)
    at Artcoins.runAndUpdate (C:\Users\Lena\Pictures\01 Projects\AAU\anniediscord\core\utils\artcoinGains.js:34:22)
    at Worker.default (C:\Users\Lena\Pictures\01 Projects\AAU\anniediscord\core\utils\Worker.js:66:62)
2019-09-13T20:34:33.393Z [info]: Database successfully connected
2019-09-13T20:34:34.134Z [info]: 62 command modules loaded
2019-09-13T20:34:35.498Z [info]: ameannie has sucessfully logged in.
2019-09-13T20:34:36.775Z [error]: Failed to parse exp in ExperienceFormula.js. > TypeError: Cannot convert undefined or null to object
    at Function.entries (<anonymous>)
    at Experience.cardBuffs (C:\Users\Lena\Pictures\01 Projects\AAU\anniediscord\core\utils\MessageController.js:167:14)
    at Experience.runAndUpdate (C:\Users\Lena\Pictures\01 Projects\AAU\anniediscord\core\utils\ExperienceFormula.js:154:23)
    at Worker.default (C:\Users\Lena\Pictures\01 Projects\AAU\anniediscord\core\utils\Worker.js:63:59)
2019-09-13T20:34:36.778Z [error]: ametotaiyou#8308 has failed to run profile. > TypeError: Cannot read property 'userId' of null
    at Profile.execute (C:\Users\Lena\Pictures\01 Projects\AAU\anniediscord\core\modules\commands\profile.js:22:53)
    at requestData.then (C:\Users\Lena\Pictures\01 Projects\AAU\anniediscord\core\modules\commandsHandler.js:157:39)
2019-09-13T20:34:36.780Z [error]: TypeError: Cannot convert undefined or null to object
    at Function.entries (<anonymous>)
    at Artcoins.cardBuffs (C:\Users\Lena\Pictures\01 Projects\AAU\anniediscord\core\utils\MessageController.js:167:14)
    at Artcoins.runAndUpdate (C:\Users\Lena\Pictures\01 Projects\AAU\anniediscord\core\utils\artcoinGains.js:34:22)
    at Worker.default (C:\Users\Lena\Pictures\01 Projects\AAU\anniediscord\core\utils\Worker.js:66:62)
2019-09-13T20:37:54.332Z [info]: Database successfully connected
2019-09-13T20:37:55.037Z [info]: 62 command modules loaded
2019-09-13T20:37:57.917Z [info]: ameannie has sucessfully logged in.
2019-09-13T20:37:58.883Z [info]: undefined: received 11 AC in 🍉ˋˏ┋  sandbox
2019-09-13T20:37:58.884Z [info]: undefined: received bonus factor of 1
2019-09-13T20:37:58.888Z [info]: undefined: received 15 EXP in 🍉ˋˏ┋  sandbox
2019-09-13T20:37:58.889Z [info]: undefined: received bonus factor of 1
2019-09-13T20:37:58.889Z [info]: undefined: 470013 EXP
2019-09-13T20:37:58.929Z [info]: ametotaiyou#8308 has ran profile.
2019-09-13T20:38:07.096Z [error]: ametotaiyou#8308 has failed to run profile. > TypeError: Cannot read property 'userId' of null
    at Profile.execute (C:\Users\Lena\Pictures\01 Projects\AAU\anniediscord\core\modules\commands\profile.js:22:53)
    at requestData.then (C:\Users\Lena\Pictures\01 Projects\AAU\anniediscord\core\modules\commandsHandler.js:157:39)
2019-09-13T20:38:19.611Z [info]: ametotaiyou#8308 has ran profile.
2019-09-13T20:38:39.950Z [info]: ametotaiyou#8308: received 11 AC in 🍉ˋˏ┋  sandbox
2019-09-13T20:38:39.951Z [info]: ametotaiyou#8308: received bonus factor of 1
2019-09-13T20:38:39.952Z [info]: ametotaiyou#8308: received 15 EXP in 🍉ˋˏ┋  sandbox
2019-09-13T20:38:39.952Z [info]: ametotaiyou#8308: received bonus factor of 1
2019-09-13T20:38:39.953Z [info]: ametotaiyou#8308: 470028 EXP
2019-09-13T20:38:40.000Z [info]: ametotaiyou#8308 has ran profile.
2019-09-13T20:38:52.963Z [info]: ametotaiyou#8308 has ran profile.
2019-09-13T20:39:26.354Z [info]: ametotaiyou#8308 has ran managerelations.
2019-09-13T20:39:26.355Z [info]: undefined: received 10 AC in 🍉ˋˏ┋  sandbox
2019-09-13T20:39:26.355Z [info]: undefined: received bonus factor of 1
2019-09-13T20:39:26.356Z [info]: undefined: received 13 EXP in 🍉ˋˏ┋  sandbox
2019-09-13T20:39:26.357Z [info]: undefined: received bonus factor of 1
2019-09-13T20:39:26.357Z [info]: undefined: 470041 EXP
2019-09-13T20:39:35.783Z [info]: ametotaiyou#8308 has ran managerelations.
2019-09-13T20:39:48.346Z [info]: ametotaiyou#8308 has ran profile.
2019-09-13T20:42:00.007Z [info]: Database successfully connected
2019-09-13T20:42:00.669Z [info]: 62 command modules loaded
2019-09-13T20:42:01.997Z [info]: ameannie has sucessfully logged in.
2019-09-13T20:42:13.482Z [info]: ametotaiyou#8308 has ran managerelations.
2019-09-13T20:42:13.485Z [info]: undefined: received 12 AC in 🍉ˋˏ┋  sandbox
2019-09-13T20:42:13.486Z [info]: undefined: received bonus factor of 1
2019-09-13T20:42:13.490Z [info]: undefined: received 11 EXP in 🍉ˋˏ┋  sandbox
2019-09-13T20:42:13.491Z [info]: undefined: received bonus factor of 1
2019-09-13T20:42:13.491Z [info]: undefined: 470052 EXP
2019-09-13T20:42:26.748Z [info]: ametotaiyou#8308 has ran managerelations.
2019-09-13T20:42:34.314Z [info]: ametotaiyou#8308 has ran profile.
2019-09-13T20:43:47.593Z [info]: Database successfully connected
2019-09-13T20:43:48.183Z [info]: 62 command modules loaded
2019-09-13T20:43:49.519Z [info]: ameannie has sucessfully logged in.
2019-09-13T20:43:53.447Z [info]: ametotaiyou#8308: received 13 AC in 🍉ˋˏ┋  sandbox
2019-09-13T20:43:53.449Z [info]: ametotaiyou#8308: received bonus factor of 1
2019-09-13T20:43:53.454Z [info]: ametotaiyou#8308: received 13 EXP in 🍉ˋˏ┋  sandbox
2019-09-13T20:43:53.455Z [info]: ametotaiyou#8308: received bonus factor of 1
2019-09-13T20:43:53.455Z [info]: ametotaiyou#8308: 470065 EXP
2019-09-13T20:43:53.516Z [info]: ametotaiyou#8308 has ran managerelations.
2019-09-13T20:44:03.705Z [info]: ametotaiyou#8308 has ran profile.
2019-09-13T20:44:28.128Z [info]: Database successfully connected
2019-09-13T20:44:28.726Z [info]: 62 command modules loaded
2019-09-13T20:44:30.113Z [info]: ameannie has sucessfully logged in.
2019-09-13T20:49:18.714Z [info]: Database successfully connected
2019-09-13T20:49:19.296Z [info]: 62 command modules loaded
2019-09-13T20:49:20.625Z [info]: ameannie has sucessfully logged in.
2019-09-13T20:49:21.426Z [info]: undefined: received 15 AC in 🍉ˋˏ┋  sandbox
2019-09-13T20:49:21.427Z [info]: undefined: received bonus factor of 1
2019-09-13T20:49:21.434Z [info]: undefined: received 14 EXP in 🍉ˋˏ┋  sandbox
2019-09-13T20:49:21.435Z [info]: undefined: received bonus factor of 1
2019-09-13T20:49:21.437Z [info]: undefined: 470079 EXP
2019-09-13T20:49:22.717Z [info]: ametotaiyou#8308 has ran level.
2019-09-13T20:49:32.393Z [info]: ametotaiyou#8308 has ran leaderboard.
2019-09-13T20:49:52.130Z [info]: undefined: received 14 AC in 🍉ˋˏ┋  sandbox
2019-09-13T20:49:52.132Z [info]: undefined: received bonus factor of 1
2019-09-13T20:49:52.134Z [info]: undefined: received 15 EXP in 🍉ˋˏ┋  sandbox
2019-09-13T20:49:52.134Z [info]: undefined: received bonus factor of 1
2019-09-13T20:49:52.135Z [info]: undefined: 470094 EXP
2019-09-13T20:49:52.362Z [info]: ametotaiyou#8308 has ran balance.
2019-09-13T20:50:03.033Z [info]: ametotaiyou#8308 has ran artcoins-generator.
2019-09-13T20:50:13.894Z [info]: ametotaiyou#8308 has ran artcoins-generator.
2019-09-13T20:50:22.336Z [info]: undefined: received 14 AC in 🍉ˋˏ┋  sandbox
2019-09-13T20:50:22.338Z [info]: undefined: received bonus factor of 1
2019-09-13T20:50:22.339Z [info]: undefined: received 12 EXP in 🍉ˋˏ┋  sandbox
2019-09-13T20:50:22.340Z [info]: undefined: received bonus factor of 1
2019-09-13T20:50:22.340Z [info]: undefined: 470106 EXP
2019-09-13T20:50:22.678Z [info]: ametotaiyou#8308 has ran balance.
2019-09-13T20:51:31.608Z [info]: Database successfully connected
2019-09-13T20:51:32.272Z [info]: 62 command modules loaded
2019-09-13T20:51:33.696Z [info]: ameannie has sucessfully logged in.
2019-09-13T20:51:35.845Z [info]: Database successfully connected
2019-09-13T20:51:36.505Z [info]: 62 command modules loaded
2019-09-13T20:51:38.745Z [info]: ameannie has sucessfully logged in.
2019-09-13T20:51:50.274Z [info]: Database successfully connected
2019-09-13T20:51:51.069Z [info]: 62 command modules loaded
2019-09-13T20:51:52.421Z [info]: ameannie has sucessfully logged in.
2019-09-13T20:51:53.193Z [info]: undefined: received 15 AC in 🍉ˋˏ┋  sandbox
2019-09-13T20:51:53.194Z [info]: undefined: received bonus factor of 1
2019-09-13T20:51:53.200Z [info]: undefined: received 15 EXP in 🍉ˋˏ┋  sandbox
2019-09-13T20:51:53.200Z [info]: undefined: received bonus factor of 1
2019-09-13T20:51:53.201Z [info]: undefined: 470121 EXP
2019-09-13T20:51:53.419Z [info]: ametotaiyou#8308 has ran balance.
2019-09-13T20:53:09.625Z [info]: ametotaiyou#8308: received 12 AC in 🍉ˋˏ┋  sandbox
2019-09-13T20:53:09.648Z [info]: ametotaiyou#8308: received bonus factor of 1
2019-09-13T20:53:09.649Z [info]: ametotaiyou#8308: received 16 EXP in 🍉ˋˏ┋  sandbox
2019-09-13T20:53:09.649Z [info]: ametotaiyou#8308: received bonus factor of 1
2019-09-13T20:53:09.649Z [info]: ametotaiyou#8308: 470137 EXP
2019-09-13T20:53:44.021Z [info]: Database successfully connected
2019-09-13T20:53:44.788Z [info]: 62 command modules loaded
2019-09-13T20:53:46.376Z [info]: ameannie has sucessfully logged in.
2019-09-13T20:53:46.484Z [info]: undefined: received 12 AC in 🍉ˋˏ┋  sandbox
2019-09-13T20:53:46.485Z [info]: undefined: received bonus factor of 1
2019-09-13T20:53:46.492Z [info]: undefined: received 11 EXP in 🍉ˋˏ┋  sandbox
2019-09-13T20:53:46.493Z [info]: undefined: received bonus factor of 1
2019-09-13T20:53:46.494Z [info]: undefined: 557990 EXP
2019-09-13T20:53:46.735Z [info]: ametotaiyou#8308 has ran balance.
2019-09-13T20:53:53.569Z [info]: Database successfully connected
2019-09-13T20:53:54.282Z [info]: 62 command modules loaded
2019-09-13T20:53:55.578Z [info]: ameannie has sucessfully logged in.
2019-09-13T20:54:26.532Z [info]: ametotaiyou#8308: received 16 AC in 🍉ˋˏ┋  sandbox
2019-09-13T20:54:26.533Z [info]: ametotaiyou#8308: received bonus factor of 1
2019-09-13T20:54:26.540Z [info]: ametotaiyou#8308: received 13 EXP in 🍉ˋˏ┋  sandbox
2019-09-13T20:54:26.541Z [info]: ametotaiyou#8308: received bonus factor of 1
2019-09-13T20:54:26.541Z [info]: ametotaiyou#8308: 558003 EXP
2019-09-13T20:54:26.802Z [info]: ametotaiyou#8308 has ran dbkits.
2019-09-13T20:55:54.624Z [info]: ametotaiyou#8308: received 14 AC in 🍉ˋˏ┋  sandbox
2019-09-13T20:55:54.625Z [info]: ametotaiyou#8308: received bonus factor of 1
2019-09-13T20:55:54.626Z [info]: ametotaiyou#8308: received 13 EXP in 🍉ˋˏ┋  sandbox
2019-09-13T20:55:54.626Z [info]: ametotaiyou#8308: received bonus factor of 1
2019-09-13T20:55:54.627Z [info]: ametotaiyou#8308: 558016 EXP
2019-09-13T20:55:54.985Z [info]: ametotaiyou#8308 has ran dbkits.
2019-09-13T20:56:27.121Z [info]: ametotaiyou#8308: received 14 AC in 🍉ˋˏ┋  sandbox
2019-09-13T20:56:27.122Z [info]: ametotaiyou#8308: received bonus factor of 1
2019-09-13T20:56:27.123Z [info]: ametotaiyou#8308: received 11 EXP in 🍉ˋˏ┋  sandbox
2019-09-13T20:56:27.124Z [info]: ametotaiyou#8308: received bonus factor of 1
2019-09-13T20:56:27.125Z [info]: ametotaiyou#8308: 558027 EXP
2019-09-13T20:56:27.383Z [info]: ametotaiyou#8308 has ran dbkits.
2019-09-13T20:56:56.733Z [info]: ametotaiyou#8308 has ran dbkits.
2019-09-13T20:57:20.791Z [info]: ametotaiyou#8308: received 10 AC in 🍉ˋˏ┋  sandbox
2019-09-13T20:57:20.793Z [info]: ametotaiyou#8308: received bonus factor of 1
2019-09-13T20:57:20.794Z [info]: ametotaiyou#8308: received 11 EXP in 🍉ˋˏ┋  sandbox
2019-09-13T20:57:20.794Z [info]: ametotaiyou#8308: received bonus factor of 1
2019-09-13T20:57:20.794Z [info]: ametotaiyou#8308: 558038 EXP
2019-09-13T20:57:21.112Z [info]: ametotaiyou#8308 has ran dbkits.
2019-09-13T20:57:34.286Z [info]: ametotaiyou#8308 has ran dbkits.
2019-09-13T20:57:57.566Z [info]: ametotaiyou#8308: received 13 AC in 🍉ˋˏ┋  developer
2019-09-13T20:57:57.567Z [info]: ametotaiyou#8308: received bonus factor of 1
2019-09-13T20:57:57.568Z [info]: ametotaiyou#8308: received 11 EXP in 🍉ˋˏ┋  developer
2019-09-13T20:57:57.569Z [info]: ametotaiyou#8308: received bonus factor of 1
2019-09-13T20:57:57.569Z [info]: ametotaiyou#8308: 558049 EXP
2019-09-13T20:58:50.730Z [info]: ametotaiyou#8308: received 16 AC in 🍉ˋˏ┋  sandbox
2019-09-13T20:58:50.732Z [info]: ametotaiyou#8308: received bonus factor of 1
2019-09-13T20:58:50.733Z [info]: ametotaiyou#8308: received 13 EXP in 🍉ˋˏ┋  sandbox
2019-09-13T20:58:50.734Z [info]: ametotaiyou#8308: received bonus factor of 1
2019-09-13T20:58:50.735Z [info]: ametotaiyou#8308: 558062 EXP
2019-09-13T20:58:51.012Z [info]: ametotaiyou#8308 has ran dbkits.
2019-09-13T21:00:01.854Z [info]: ametotaiyou#8308: received 14 AC in 🍉ˋˏ┋  sandbox
2019-09-13T21:00:01.855Z [info]: ametotaiyou#8308: received bonus factor of 1
2019-09-13T21:00:01.857Z [info]: ametotaiyou#8308: received 15 EXP in 🍉ˋˏ┋  sandbox
2019-09-13T21:00:01.858Z [info]: ametotaiyou#8308: received bonus factor of 1
2019-09-13T21:00:01.858Z [info]: ametotaiyou#8308: 558077 EXP
2019-09-13T21:00:01.888Z [error]: Database._query() has failed to run. > SQLITE_ERROR: no such table: table_name
2019-09-13T21:00:02.134Z [info]: ametotaiyou#8308 has ran dbkits.
2019-09-13T21:00:26.195Z [error]: Database._query() has failed to run. > SQLITE_ERROR: no such column: mother
2019-09-13T21:00:26.454Z [info]: ametotaiyou#8308 has ran dbkits.
2019-09-13T21:00:46.076Z [info]: ametotaiyou#8308: received 10 AC in 🍉ˋˏ┋  sandbox
2019-09-13T21:00:46.077Z [info]: ametotaiyou#8308: received bonus factor of 1
2019-09-13T21:00:46.078Z [info]: ametotaiyou#8308: received 13 EXP in 🍉ˋˏ┋  sandbox
2019-09-13T21:00:46.079Z [info]: ametotaiyou#8308: received bonus factor of 1
2019-09-13T21:00:46.079Z [info]: ametotaiyou#8308: 558090 EXP
2019-09-13T21:00:46.500Z [info]: ametotaiyou#8308 has ran dbkits.
2019-09-13T21:00:55.930Z [error]: Database._query() has failed to run. > SQLITE_CONSTRAINT: UNIQUE constraint failed: relationshiptype.typeId
2019-09-13T21:00:56.273Z [info]: ametotaiyou#8308 has ran dbkits.
2019-09-13T21:01:06.474Z [info]: ametotaiyou#8308 has ran dbkits.
2019-09-13T21:01:15.470Z [info]: ametotaiyou#8308 has ran dbkits.
2019-09-13T21:01:22.918Z [info]: ametotaiyou#8308: received 14 AC in 🍉ˋˏ┋  sandbox
2019-09-13T21:01:22.920Z [info]: ametotaiyou#8308: received bonus factor of 1
2019-09-13T21:01:22.921Z [info]: ametotaiyou#8308: received 11 EXP in 🍉ˋˏ┋  sandbox
2019-09-13T21:01:22.921Z [info]: ametotaiyou#8308: received bonus factor of 1
2019-09-13T21:01:22.922Z [info]: ametotaiyou#8308: 558101 EXP
2019-09-13T21:01:23.221Z [info]: ametotaiyou#8308 has ran dbkits.
2019-09-13T21:01:53.843Z [info]: ametotaiyou#8308: received 13 AC in 🍉ˋˏ┋  sandbox
2019-09-13T21:01:53.845Z [info]: ametotaiyou#8308: received bonus factor of 1
2019-09-13T21:01:53.846Z [info]: ametotaiyou#8308: received 15 EXP in 🍉ˋˏ┋  sandbox
2019-09-13T21:01:53.846Z [info]: ametotaiyou#8308: received bonus factor of 1
2019-09-13T21:01:53.847Z [info]: ametotaiyou#8308: 558116 EXP
2019-09-13T21:01:54.122Z [info]: ametotaiyou#8308 has ran dbkits.
2019-09-13T21:02:13.460Z [info]: ametotaiyou#8308 has ran dbkits.
2019-09-13T21:02:36.008Z [info]: ametotaiyou#8308: received 14 AC in 🍉ˋˏ┋  sandbox
2019-09-13T21:02:36.010Z [info]: ametotaiyou#8308: received bonus factor of 1
2019-09-13T21:02:36.011Z [info]: ametotaiyou#8308: received 16 EXP in 🍉ˋˏ┋  sandbox
2019-09-13T21:02:36.011Z [info]: ametotaiyou#8308: received bonus factor of 1
2019-09-13T21:02:36.011Z [info]: ametotaiyou#8308: 558132 EXP
2019-09-13T21:02:36.325Z [info]: ametotaiyou#8308 has ran dbkits.
2019-09-13T21:02:56.964Z [error]: Database._query() has failed to run. > SQLITE_CONSTRAINT: UNIQUE constraint failed: relationshiptype.typeId
2019-09-13T21:02:57.192Z [info]: ametotaiyou#8308 has ran dbkits.
2019-09-13T21:03:07.256Z [info]: ametotaiyou#8308: received 16 AC in 🍉ˋˏ┋  sandbox
2019-09-13T21:03:07.258Z [info]: ametotaiyou#8308: received bonus factor of 1
2019-09-13T21:03:07.258Z [info]: ametotaiyou#8308: received 11 EXP in 🍉ˋˏ┋  sandbox
2019-09-13T21:03:07.259Z [info]: ametotaiyou#8308: received bonus factor of 1
2019-09-13T21:03:07.259Z [info]: ametotaiyou#8308: 558143 EXP
2019-09-13T21:03:07.539Z [info]: ametotaiyou#8308 has ran dbkits.
2019-09-13T21:03:31.713Z [info]: ametotaiyou#8308 has ran dbkits.
2019-09-13T21:03:52.236Z [info]: ametotaiyou#8308: received 11 AC in 🍉ˋˏ┋  sandbox
2019-09-13T21:03:52.237Z [info]: ametotaiyou#8308: received bonus factor of 1
2019-09-13T21:03:52.238Z [info]: ametotaiyou#8308: received 11 EXP in 🍉ˋˏ┋  sandbox
2019-09-13T21:03:52.239Z [info]: ametotaiyou#8308: received bonus factor of 1
2019-09-13T21:03:52.239Z [info]: ametotaiyou#8308: 558154 EXP
2019-09-13T21:03:52.564Z [info]: ametotaiyou#8308 has ran dbkits.
2019-09-13T21:04:11.394Z [info]: ametotaiyou#8308 has ran dbkits.
2019-09-13T21:04:21.456Z [info]: ametotaiyou#8308 has ran dbkits.
2019-09-13T21:04:40.913Z [info]: ametotaiyou#8308: received 13 AC in 🍉ˋˏ┋  sandbox
2019-09-13T21:04:40.914Z [info]: ametotaiyou#8308: received bonus factor of 1
2019-09-13T21:04:40.915Z [info]: ametotaiyou#8308: received 14 EXP in 🍉ˋˏ┋  sandbox
2019-09-13T21:04:40.916Z [info]: ametotaiyou#8308: received bonus factor of 1
2019-09-13T21:04:40.916Z [info]: ametotaiyou#8308: 558168 EXP
2019-09-13T21:04:41.193Z [info]: ametotaiyou#8308 has ran dbkits.
2019-09-13T21:05:14.732Z [info]: ametotaiyou#8308: received 13 AC in 🍉ˋˏ┋  sandbox
2019-09-13T21:05:14.734Z [info]: ametotaiyou#8308: received bonus factor of 1
2019-09-13T21:05:14.735Z [info]: ametotaiyou#8308: received 12 EXP in 🍉ˋˏ┋  sandbox
2019-09-13T21:05:14.735Z [info]: ametotaiyou#8308: received bonus factor of 1
2019-09-13T21:05:14.735Z [info]: ametotaiyou#8308: 558180 EXP
2019-09-13T21:05:15.003Z [info]: ametotaiyou#8308 has ran dbkits.
2019-09-13T21:05:20.339Z [info]: ametotaiyou#8308 has ran managerelations.
2019-09-13T21:05:26.004Z [info]: ametotaiyou#8308 has ran managerelations.
2019-09-13T21:06:04.466Z [info]: ametotaiyou#8308: received 14 AC in 🍉ˋˏ┋  sandbox
2019-09-13T21:06:04.467Z [info]: ametotaiyou#8308: received bonus factor of 1
2019-09-13T21:06:04.468Z [info]: ametotaiyou#8308: received 14 EXP in 🍉ˋˏ┋  sandbox
2019-09-13T21:06:04.469Z [info]: ametotaiyou#8308: received bonus factor of 1
2019-09-13T21:06:04.469Z [info]: ametotaiyou#8308: 558194 EXP
2019-09-13T21:06:57.285Z [info]: ametotaiyou#8308: received 13 AC in 🍉ˋˏ┋  sandbox
2019-09-13T21:06:57.285Z [info]: ametotaiyou#8308: received bonus factor of 1
2019-09-13T21:06:57.286Z [info]: ametotaiyou#8308: received 15 EXP in 🍉ˋˏ┋  sandbox
2019-09-13T21:06:57.286Z [info]: ametotaiyou#8308: received bonus factor of 1
2019-09-13T21:06:57.287Z [info]: ametotaiyou#8308: 558209 EXP
2019-09-13T21:07:38.620Z [info]: ametotaiyou#8308: received 12 AC in 🍉ˋˏ┋  sandbox
2019-09-13T21:07:38.621Z [info]: ametotaiyou#8308: received bonus factor of 1
2019-09-13T21:07:38.622Z [info]: ametotaiyou#8308: received 11 EXP in 🍉ˋˏ┋  sandbox
2019-09-13T21:07:38.622Z [info]: ametotaiyou#8308: received bonus factor of 1
2019-09-13T21:07:38.623Z [info]: ametotaiyou#8308: 558220 EXP
2019-09-13T21:08:23.868Z [info]: ametotaiyou#8308: received 14 AC in 🍉ˋˏ┋  sandbox
2019-09-13T21:08:23.868Z [info]: ametotaiyou#8308: received bonus factor of 1
2019-09-13T21:08:23.869Z [info]: ametotaiyou#8308: received 15 EXP in 🍉ˋˏ┋  sandbox
2019-09-13T21:08:23.869Z [info]: ametotaiyou#8308: received bonus factor of 1
2019-09-13T21:08:23.870Z [info]: ametotaiyou#8308: 558235 EXP
2019-09-13T21:08:54.733Z [info]: ametotaiyou#8308: received 15 AC in 🍉ˋˏ┋  sandbox
2019-09-13T21:08:54.734Z [info]: ametotaiyou#8308: received bonus factor of 1
2019-09-13T21:08:54.735Z [info]: ametotaiyou#8308: received 14 EXP in 🍉ˋˏ┋  sandbox
2019-09-13T21:08:54.738Z [info]: ametotaiyou#8308: received bonus factor of 1
2019-09-13T21:08:54.738Z [info]: ametotaiyou#8308: 558249 EXP
2019-09-13T21:08:54.766Z [error]: Database._query() has failed to run. > SQLITE_CONSTRAINT: UNIQUE constraint failed: relationshiptype.typeId
2019-09-13T21:08:55.038Z [info]: ametotaiyou#8308 has ran dbkits.
2019-09-13T21:09:29.147Z [info]: ametotaiyou#8308: received 12 AC in 🍉ˋˏ┋  sandbox
2019-09-13T21:09:29.148Z [info]: ametotaiyou#8308: received bonus factor of 1
2019-09-13T21:09:29.149Z [info]: ametotaiyou#8308: received 13 EXP in 🍉ˋˏ┋  sandbox
2019-09-13T21:09:29.149Z [info]: ametotaiyou#8308: received bonus factor of 1
2019-09-13T21:09:29.149Z [info]: ametotaiyou#8308: 558262 EXP
2019-09-13T21:09:59.980Z [info]: ametotaiyou#8308: received 14 AC in 🍉ˋˏ┋  sandbox
2019-09-13T21:09:59.982Z [info]: ametotaiyou#8308: received bonus factor of 1
2019-09-13T21:09:59.983Z [info]: ametotaiyou#8308: received 11 EXP in 🍉ˋˏ┋  sandbox
2019-09-13T21:09:59.983Z [info]: ametotaiyou#8308: received bonus factor of 1
2019-09-13T21:09:59.983Z [info]: ametotaiyou#8308: 558273 EXP
2019-09-13T21:10:45.928Z [info]: ametotaiyou#8308: received 14 AC in 🍉ˋˏ┋  sandbox
2019-09-13T21:10:45.929Z [info]: ametotaiyou#8308: received bonus factor of 1
2019-09-13T21:10:45.930Z [info]: ametotaiyou#8308: received 15 EXP in 🍉ˋˏ┋  sandbox
2019-09-13T21:10:45.931Z [info]: ametotaiyou#8308: received bonus factor of 1
2019-09-13T21:10:45.931Z [info]: ametotaiyou#8308: 558288 EXP
2019-09-13T21:11:22.379Z [info]: ametotaiyou#8308: received 11 AC in 🍉ˋˏ┋  developer
2019-09-13T21:11:22.381Z [info]: ametotaiyou#8308: received bonus factor of 1
2019-09-13T21:11:22.383Z [info]: ametotaiyou#8308: received 15 EXP in 🍉ˋˏ┋  developer
2019-09-13T21:11:22.383Z [info]: ametotaiyou#8308: received bonus factor of 1
2019-09-13T21:11:22.384Z [info]: ametotaiyou#8308: 558303 EXP
2019-09-13T21:12:21.898Z [info]: ametotaiyou#8308: received 15 AC in 🍉ˋˏ┋  developer
2019-09-13T21:12:21.899Z [info]: ametotaiyou#8308: received bonus factor of 1
2019-09-13T21:12:21.900Z [info]: ametotaiyou#8308: received 16 EXP in 🍉ˋˏ┋  developer
2019-09-13T21:12:21.901Z [info]: ametotaiyou#8308: received bonus factor of 1
2019-09-13T21:12:21.901Z [info]: ametotaiyou#8308: 558319 EXP
2019-09-13T21:13:01.648Z [info]: ametotaiyou#8308: received 11 AC in 🍉ˋˏ┋  developer
2019-09-13T21:13:01.650Z [info]: ametotaiyou#8308: received bonus factor of 1
2019-09-13T21:13:01.651Z [info]: ametotaiyou#8308: received 12 EXP in 🍉ˋˏ┋  developer
2019-09-13T21:13:01.651Z [info]: ametotaiyou#8308: received bonus factor of 1
2019-09-13T21:13:01.651Z [info]: ametotaiyou#8308: 558331 EXP
2019-09-13T21:13:42.669Z [info]: ametotaiyou#8308: received 11 AC in 🍉ˋˏ┋  developer
2019-09-13T21:13:42.671Z [info]: ametotaiyou#8308: received bonus factor of 1
2019-09-13T21:13:42.674Z [info]: ametotaiyou#8308: received 11 EXP in 🍉ˋˏ┋  developer
2019-09-13T21:13:42.675Z [info]: ametotaiyou#8308: received bonus factor of 1
2019-09-13T21:13:42.675Z [info]: ametotaiyou#8308: 558342 EXP
2019-09-13T21:14:18.173Z [info]: ametotaiyou#8308: received 16 AC in 🍉ˋˏ┋  sandbox
2019-09-13T21:14:18.175Z [info]: ametotaiyou#8308: received bonus factor of 1
2019-09-13T21:14:18.175Z [info]: ametotaiyou#8308: received 14 EXP in 🍉ˋˏ┋  sandbox
2019-09-13T21:14:18.176Z [info]: ametotaiyou#8308: received bonus factor of 1
2019-09-13T21:14:18.176Z [info]: ametotaiyou#8308: 558356 EXP
2019-09-13T21:14:18.465Z [info]: ametotaiyou#8308 has ran dbkits.
2019-09-13T21:15:02.589Z [info]: ametotaiyou#8308: received 13 AC in 🍉ˋˏ┋  developer
2019-09-13T21:15:02.605Z [info]: ametotaiyou#8308: received bonus factor of 1
2019-09-13T21:15:02.607Z [info]: ametotaiyou#8308: received 15 EXP in 🍉ˋˏ┋  developer
2019-09-13T21:15:02.631Z [info]: ametotaiyou#8308: received bonus factor of 1
2019-09-13T21:15:02.631Z [info]: ametotaiyou#8308: 558371 EXP
2019-09-13T21:16:20.419Z [info]: ametotaiyou#8308: received 10 AC in 🍉ˋˏ┋  developer
2019-09-13T21:16:20.419Z [info]: ametotaiyou#8308: received bonus factor of 1
2019-09-13T21:16:20.421Z [info]: ametotaiyou#8308: received 10 EXP in 🍉ˋˏ┋  developer
2019-09-13T21:16:20.421Z [info]: ametotaiyou#8308: received bonus factor of 1
2019-09-13T21:16:20.422Z [info]: ametotaiyou#8308: 558381 EXP
2019-09-13T21:17:28.980Z [info]: ametotaiyou#8308: received 13 AC in 🍉ˋˏ┋  developer
2019-09-13T21:17:28.981Z [info]: ametotaiyou#8308: received bonus factor of 1
2019-09-13T21:17:28.983Z [info]: ametotaiyou#8308: received 15 EXP in 🍉ˋˏ┋  developer
2019-09-13T21:17:28.986Z [info]: ametotaiyou#8308: received bonus factor of 1
2019-09-13T21:17:28.986Z [info]: ametotaiyou#8308: 558396 EXP
2019-09-13T21:18:58.505Z [info]: ametotaiyou#8308: received 13 AC in general
2019-09-13T21:18:58.506Z [info]: ametotaiyou#8308: received bonus factor of 1
2019-09-13T21:18:58.507Z [info]: ametotaiyou#8308: received 14 EXP in general
2019-09-13T21:18:58.508Z [info]: ametotaiyou#8308: received bonus factor of 1
2019-09-13T21:18:58.508Z [info]: ametotaiyou#8308: 558410 EXP
2019-09-13T21:21:05.597Z [info]: ametotaiyou#8308: received 14 AC in 🍉ˋˏ┋  developer
2019-09-13T21:21:05.598Z [info]: ametotaiyou#8308: received bonus factor of 1
2019-09-13T21:21:05.599Z [info]: ametotaiyou#8308: received 15 EXP in 🍉ˋˏ┋  developer
2019-09-13T21:21:05.599Z [info]: ametotaiyou#8308: received bonus factor of 1
2019-09-13T21:21:05.600Z [info]: ametotaiyou#8308: 558425 EXP
2019-09-13T21:21:48.421Z [info]: ametotaiyou#8308: received 12 AC in 🍉ˋˏ┋  developer
2019-09-13T21:21:48.423Z [info]: ametotaiyou#8308: received bonus factor of 1
2019-09-13T21:21:48.424Z [info]: ametotaiyou#8308: received 14 EXP in 🍉ˋˏ┋  developer
2019-09-13T21:21:48.424Z [info]: ametotaiyou#8308: received bonus factor of 1
2019-09-13T21:21:48.425Z [info]: ametotaiyou#8308: 558439 EXP
2019-09-13T21:22:20.840Z [info]: ametotaiyou#8308: received 15 AC in 🍉ˋˏ┋  developer
2019-09-13T21:22:20.842Z [info]: ametotaiyou#8308: received bonus factor of 1
2019-09-13T21:22:20.847Z [info]: ametotaiyou#8308: received 13 EXP in 🍉ˋˏ┋  developer
2019-09-13T21:22:20.848Z [info]: ametotaiyou#8308: received bonus factor of 1
2019-09-13T21:22:20.848Z [info]: ametotaiyou#8308: 558452 EXP
2019-09-13T21:23:58.756Z [info]: ametotaiyou#8308: received 12 AC in 🍉ˋˏ┋  developer
2019-09-13T21:23:58.756Z [info]: ametotaiyou#8308: received bonus factor of 1
2019-09-13T21:23:58.757Z [info]: ametotaiyou#8308: received 11 EXP in 🍉ˋˏ┋  developer
2019-09-13T21:23:58.757Z [info]: ametotaiyou#8308: received bonus factor of 1
2019-09-13T21:23:58.758Z [info]: ametotaiyou#8308: 558463 EXP
2019-09-13T21:25:04.188Z [info]: ametotaiyou#8308: received 15 AC in 🍉ˋˏ┋  developer
2019-09-13T21:25:04.188Z [info]: ametotaiyou#8308: received bonus factor of 1
2019-09-13T21:25:04.189Z [info]: ametotaiyou#8308: received 12 EXP in 🍉ˋˏ┋  developer
2019-09-13T21:25:04.190Z [info]: ametotaiyou#8308: received bonus factor of 1
2019-09-13T21:25:04.190Z [info]: ametotaiyou#8308: 558475 EXP
2019-09-13T21:27:07.081Z [info]: ametotaiyou#8308: received 16 AC in art  talk
2019-09-13T21:27:07.082Z [info]: ametotaiyou#8308: received bonus factor of 1
2019-09-13T21:27:07.083Z [info]: ametotaiyou#8308: received 10 EXP in art  talk
2019-09-13T21:27:07.084Z [info]: ametotaiyou#8308: received bonus factor of 1
2019-09-13T21:27:07.084Z [info]: ametotaiyou#8308: 558485 EXP
2019-09-13T21:29:27.259Z [info]: ametotaiyou#8308: received 14 AC in general
2019-09-13T21:29:27.260Z [info]: ametotaiyou#8308: received bonus factor of 1
2019-09-13T21:29:27.261Z [info]: ametotaiyou#8308: received 15 EXP in general
2019-09-13T21:29:27.261Z [info]: ametotaiyou#8308: received bonus factor of 1
2019-09-13T21:29:27.262Z [info]: ametotaiyou#8308: 558500 EXP
2019-09-13T21:54:10.264Z [info]: ametotaiyou#8308: received 11 AC in 🍉ˋˏ┋  developer
2019-09-13T21:54:10.269Z [info]: ametotaiyou#8308: received bonus factor of 1
2019-09-13T21:54:10.272Z [info]: ametotaiyou#8308: received 14 EXP in 🍉ˋˏ┋  developer
2019-09-13T21:54:10.288Z [info]: ametotaiyou#8308: received bonus factor of 1
2019-09-13T21:54:10.294Z [info]: ametotaiyou#8308: 558514 EXP
2019-09-13T21:55:00.640Z [info]: ametotaiyou#8308: received 12 AC in art  talk
2019-09-13T21:55:00.643Z [info]: ametotaiyou#8308: received bonus factor of 1
2019-09-13T21:55:00.646Z [info]: ametotaiyou#8308: received 16 EXP in art  talk
2019-09-13T21:55:00.648Z [info]: ametotaiyou#8308: received bonus factor of 1
2019-09-13T21:55:00.649Z [info]: ametotaiyou#8308: 558530 EXP
2019-09-13T21:59:44.463Z [info]: ametotaiyou#8308: received 13 AC in art  talk
2019-09-13T21:59:44.469Z [info]: ametotaiyou#8308: received bonus factor of 1
2019-09-13T21:59:44.472Z [info]: ametotaiyou#8308: received 14 EXP in art  talk
2019-09-13T21:59:44.473Z [info]: ametotaiyou#8308: received bonus factor of 1
2019-09-13T21:59:44.473Z [info]: ametotaiyou#8308: 558544 EXP
